<?xml version="1.0" encoding="UTF-8"?>
<!-- Generated by org.testng.reporters.JUnitReportReporter -->
<testsuite hostname="Amit.local" failures="0" tests="1" name="ExcelWork" time="3.620" errors="0" timestamp="2024-12-29T09:52:56 GMT+06:00" skipped="0">
  <testcase classname="ExcelWork" name="Test1" time="3.620"/>
</testsuite> <!-- ExcelWork -->
