<?xml version="1.0" encoding="UTF-8"?>
<!-- Generated by org.testng.reporters.JUnitReportReporter -->
<testsuite hostname="Amit.local" failures="0" tests="1" name="ExcelWork" time="10.391" errors="0" timestamp="2024-12-29T13:22:47 GMT+06:00" skipped="0">
  <testcase classname="ExcelWork" name="Test1" time="10.391"/>
</testsuite> <!-- ExcelWork -->
