<?xml version="1.0" encoding="UTF-8"?>
<!-- Generated by org.testng.reporters.JUnitReportReporter -->
<testsuite hostname="Amit.local" failures="0" tests="1" name="amit.ExcelWork" time="12.658" errors="0" timestamp="2024-12-30T11:00:04 GMT+06:00" skipped="0">
  <testcase classname="amit.ExcelWork" name="Test1" time="12.658"/>
</testsuite> <!-- amit.ExcelWork -->
