<?xml version="1.0" encoding="UTF-8"?>
<!-- Generated by org.testng.reporters.JUnitReportReporter -->
<testsuite hostname="Amit.local" failures="0" tests="1" name="amit.ExcelWork" time="15.636" errors="0" timestamp="2024-12-30T08:34:10 GMT+06:00" skipped="0">
  <testcase classname="amit.ExcelWork" name="Test1" time="15.636"/>
</testsuite> <!-- amit.ExcelWork -->
